<?xml version="1.0" encoding="UTF-8"?>
<testng-results skipped="0" failed="0" ignored="0" total="1" passed="1">
  <reporter-output>
  </reporter-output>
  <suite name="Dash Automation" duration-ms="71024" started-at="2022-07-26T12:56:44Z" finished-at="2022-07-26T12:57:55Z">
    <groups>
    </groups>
    <test name="SupplierProductCheck" duration-ms="71024" started-at="2022-07-26T12:56:44Z" finished-at="2022-07-26T12:57:55Z">
      <class name="co.morsum.testcases.SupplierProductCheck">
        <test-method status="PASS" signature="setUp()[pri:0, instance:co.morsum.testcases.SupplierProductCheck@173ed316]" name="setUp" is-config="true" duration-ms="26869" started-at="2022-07-26T12:56:44Z" finished-at="2022-07-26T12:57:11Z">
          <reporter-output>
          </reporter-output>
        </test-method> <!-- setUp -->
        <test-method status="PASS" signature="supplierProductCheck(java.lang.String, java.lang.String)[pri:0, instance:co.morsum.testcases.SupplierProductCheck@173ed316]" name="supplierProductCheck" duration-ms="43777" started-at="2022-07-26T12:57:11Z" data-provider="getData" finished-at="2022-07-26T12:57:55Z">
          <params>
            <param index="0">
              <value>
                <![CDATA[satish-pericherla@morsum.co]]>
              </value>
            </param>
            <param index="1">
              <value>
                <![CDATA[PerSat4123$]]>
              </value>
            </param>
          </params>
          <reporter-output>
          </reporter-output>
        </test-method> <!-- supplierProductCheck -->
        <test-method status="PASS" signature="tearDown()[pri:0, instance:co.morsum.testcases.SupplierProductCheck@173ed316]" name="tearDown" is-config="true" duration-ms="88" started-at="2022-07-26T12:57:55Z" finished-at="2022-07-26T12:57:55Z">
          <reporter-output>
          </reporter-output>
        </test-method> <!-- tearDown -->
      </class> <!-- co.morsum.testcases.SupplierProductCheck -->
    </test> <!-- SupplierProductCheck -->
  </suite> <!-- Dash Automation -->
</testng-results>
